This file contains any messages produced by compilers while
running configure, to aid debugging if configure makes a mistake.

It was created by speex configure 1.2.0, which was
generated by GNU Autoconf 2.69.  Invocation command line was

  $ ./configure --host=arm-linux CC=arm-none-eabi-gcc --enable-static --disable-shared --prefix=/media/sf_project/mine/svn_linux/XR871-xr871-sdk-rev1.3.1/03_SDK/xr871sdk/src/libsave

## --------- ##
## Platform. ##
## --------- ##

hostname = water-PC
uname -m = x86_64
uname -r = 4.4.0-139-generic
uname -s = Linux
uname -v = #165-Ubuntu SMP Wed Oct 24 10:58:50 UTC 2018

/usr/bin/uname -p = unknown
/bin/uname -X     = unknown

/bin/arch              = unknown
/usr/bin/arch -k       = unknown
/usr/convex/getsysinfo = unknown
/usr/bin/hostinfo      = unknown
/bin/machine           = unknown
/usr/bin/oslevel       = unknown
/bin/universe          = unknown

PATH: /home/water/workSpace/complile/gcc-arm-none-eabi-4_9-2015q2/bin
PATH: /usr/local/sbin
PATH: /usr/local/bin
PATH: /usr/sbin
PATH: /usr/bin
PATH: /sbin
PATH: /bin
PATH: /usr/games
PATH: /usr/local/games
PATH: /snap/bin


## ----------- ##
## Core tests. ##
## ----------- ##

configure:2511: checking whether make supports nested variables
configure:2528: result: yes
configure:2600: checking for a BSD-compatible install
configure:2668: result: /usr/bin/install -c
configure:2679: checking whether build environment is sane
configure:2734: result: yes
configure:2793: checking for arm-linux-strip
configure:2823: result: no
configure:2833: checking for strip
configure:2849: found /usr/bin/strip
configure:2860: result: strip
configure:2885: checking for a thread-safe mkdir -p
configure:2924: result: /bin/mkdir -p
configure:2931: checking for gawk
configure:2961: result: no
configure:2931: checking for mawk
configure:2947: found /usr/bin/mawk
configure:2958: result: mawk
configure:2969: checking whether make sets $(MAKE)
configure:2991: result: yes
configure:3116: checking whether to enable maintainer-specific portions of Makefiles
configure:3125: result: yes
configure:3143: checking build system type
configure:3157: result: x86_64-pc-linux-gnu
configure:3177: checking host system type
configure:3190: result: arm-unknown-linux-gnu
configure:3559: checking how to print strings
configure:3586: result: printf
configure:3619: checking for style of include used by make
configure:3647: result: GNU
configure:3678: checking for arm-linux-gcc
configure:3705: result: arm-none-eabi-gcc
configure:3974: checking for C compiler version
configure:3983: arm-none-eabi-gcc --version >&5
arm-none-eabi-gcc (GNU Tools for ARM Embedded Processors) 4.9.3 20150529 (release) [ARM/embedded-4_9-branch revision 224288]
Copyright (C) 2014 Free Software Foundation, Inc.
This is free software; see the source for copying conditions.  There is NO
warranty; not even for MERCHANTABILITY or FITNESS FOR A PARTICULAR PURPOSE.

configure:3994: $? = 0
configure:3983: arm-none-eabi-gcc -v >&5
Using built-in specs.
COLLECT_GCC=arm-none-eabi-gcc
COLLECT_LTO_WRAPPER=/home/water/workSpace/complile/gcc-arm-none-eabi-4_9-2015q2/bin/../lib/gcc/arm-none-eabi/4.9.3/lto-wrapper
Target: arm-none-eabi
Configured with: /home/build/work/GCC-4-9-build/src/gcc/configure --target=arm-none-eabi --prefix=/home/build/work/GCC-4-9-build/install-native --libexecdir=/home/build/work/GCC-4-9-build/install-native/lib --infodir=/home/build/work/GCC-4-9-build/install-native/share/doc/gcc-arm-none-eabi/info --mandir=/home/build/work/GCC-4-9-build/install-native/share/doc/gcc-arm-none-eabi/man --htmldir=/home/build/work/GCC-4-9-build/install-native/share/doc/gcc-arm-none-eabi/html --pdfdir=/home/build/work/GCC-4-9-build/install-native/share/doc/gcc-arm-none-eabi/pdf --enable-languages=c,c++ --enable-plugins --disable-decimal-float --disable-libffi --disable-libgomp --disable-libmudflap --disable-libquadmath --disable-libssp --disable-libstdcxx-pch --disable-nls --disable-shared --disable-threads --disable-tls --with-gnu-as --with-gnu-ld --with-newlib --with-headers=yes --with-python-dir=share/gcc-arm-none-eabi --with-sysroot=/home/build/work/GCC-4-9-build/install-native/arm-none-eabi --build=i686-linux-gnu --host=i686-linux-gnu --with-gmp=/home/build/work/GCC-4-9-build/build-native/host-libs/usr --with-mpfr=/home/build/work/GCC-4-9-build/build-native/host-libs/usr --with-mpc=/home/build/work/GCC-4-9-build/build-native/host-libs/usr --with-isl=/home/build/work/GCC-4-9-build/build-native/host-libs/usr --with-cloog=/home/build/work/GCC-4-9-build/build-native/host-libs/usr --with-libelf=/home/build/work/GCC-4-9-build/build-native/host-libs/usr --with-host-libstdcxx='-static-libgcc -Wl,-Bstatic,-lstdc++,-Bdynamic -lm' --with-pkgversion='GNU Tools for ARM Embedded Processors' --with-multilib-list=armv6-m,armv7-m,armv7e-m,cortex-m7,armv7-r
Thread model: single
gcc version 4.9.3 20150529 (release) [ARM/embedded-4_9-branch revision 224288] (GNU Tools for ARM Embedded Processors) 
configure:3994: $? = 0
configure:3983: arm-none-eabi-gcc -V >&5
arm-none-eabi-gcc: error: unrecognized command line option '-V'
arm-none-eabi-gcc: fatal error: no input files
compilation terminated.
configure:3994: $? = 1
configure:3983: arm-none-eabi-gcc -qversion >&5
arm-none-eabi-gcc: error: unrecognized command line option '-qversion'
arm-none-eabi-gcc: fatal error: no input files
compilation terminated.
configure:3994: $? = 1
configure:4014: checking whether the C compiler works
configure:4036: arm-none-eabi-gcc    conftest.c  >&5
/home/water/workSpace/complile/gcc-arm-none-eabi-4_9-2015q2/bin/../lib/gcc/arm-none-eabi/4.9.3/../../../../arm-none-eabi/lib/libc.a(lib_a-exit.o): In function `exit':
exit.c:(.text.exit+0x2c): undefined reference to `_exit'
collect2: error: ld returned 1 exit status
configure:4040: $? = 1
configure:4080: checking for suffix of executables
configure:4087: arm-none-eabi-gcc -o conftest    conftest.c  >&5
/home/water/workSpace/complile/gcc-arm-none-eabi-4_9-2015q2/bin/../lib/gcc/arm-none-eabi/4.9.3/../../../../arm-none-eabi/lib/libc.a(lib_a-exit.o): In function `exit':
exit.c:(.text.exit+0x2c): undefined reference to `_exit'
collect2: error: ld returned 1 exit status
configure:4091: $? = 1
configure:4107: error: in `/media/sf_project/mine/svn_linux/XR871-xr871-sdk-rev1.3.1/03_SDK/xr871sdk/src/speex-1.2.0':
configure:4109: error: cannot compute suffix of executables: cannot compile and link
See `config.log' for more details

## ---------------- ##
## Cache variables. ##
## ---------------- ##

ac_cv_build=x86_64-pc-linux-gnu
ac_cv_env_CC_set=set
ac_cv_env_CC_value=arm-none-eabi-gcc
ac_cv_env_CFLAGS_set=
ac_cv_env_CFLAGS_value=
ac_cv_env_CPPFLAGS_set=
ac_cv_env_CPPFLAGS_value=
ac_cv_env_CPP_set=
ac_cv_env_CPP_value=
ac_cv_env_FFT_CFLAGS_set=
ac_cv_env_FFT_CFLAGS_value=
ac_cv_env_FFT_LIBS_set=
ac_cv_env_FFT_LIBS_value=
ac_cv_env_LDFLAGS_set=
ac_cv_env_LDFLAGS_value=
ac_cv_env_LIBS_set=
ac_cv_env_LIBS_value=
ac_cv_env_LT_SYS_LIBRARY_PATH_set=
ac_cv_env_LT_SYS_LIBRARY_PATH_value=
ac_cv_env_OGG_CFLAGS_set=
ac_cv_env_OGG_CFLAGS_value=
ac_cv_env_OGG_LIBS_set=
ac_cv_env_OGG_LIBS_value=
ac_cv_env_PKG_CONFIG_LIBDIR_set=
ac_cv_env_PKG_CONFIG_LIBDIR_value=
ac_cv_env_PKG_CONFIG_PATH_set=
ac_cv_env_PKG_CONFIG_PATH_value=
ac_cv_env_PKG_CONFIG_set=
ac_cv_env_PKG_CONFIG_value=
ac_cv_env_SPEEXDSP_CFLAGS_set=
ac_cv_env_SPEEXDSP_CFLAGS_value=
ac_cv_env_SPEEXDSP_LIBS_set=
ac_cv_env_SPEEXDSP_LIBS_value=
ac_cv_env_build_alias_set=
ac_cv_env_build_alias_value=
ac_cv_env_host_alias_set=set
ac_cv_env_host_alias_value=arm-linux
ac_cv_env_target_alias_set=
ac_cv_env_target_alias_value=
ac_cv_host=arm-unknown-linux-gnu
ac_cv_path_install='/usr/bin/install -c'
ac_cv_path_mkdir=/bin/mkdir
ac_cv_prog_AWK=mawk
ac_cv_prog_CC=arm-none-eabi-gcc
ac_cv_prog_ac_ct_STRIP=strip
ac_cv_prog_make_make_set=yes
am_cv_make_support_nested_variables=yes

## ----------------- ##
## Output variables. ##
## ----------------- ##

ACLOCAL='${SHELL} /media/sf_project/mine/svn_linux/XR871-xr871-sdk-rev1.3.1/03_SDK/xr871sdk/src/speex-1.2.0/missing aclocal-1.15'
AMDEPBACKSLASH='\'
AMDEP_FALSE='#'
AMDEP_TRUE=''
AMTAR='$${TAR-tar}'
AM_BACKSLASH='\'
AM_DEFAULT_V='$(AM_DEFAULT_VERBOSITY)'
AM_DEFAULT_VERBOSITY='0'
AM_V='$(V)'
AR=''
AS='as'
AUTOCONF='${SHELL} /media/sf_project/mine/svn_linux/XR871-xr871-sdk-rev1.3.1/03_SDK/xr871sdk/src/speex-1.2.0/missing autoconf'
AUTOHEADER='${SHELL} /media/sf_project/mine/svn_linux/XR871-xr871-sdk-rev1.3.1/03_SDK/xr871sdk/src/speex-1.2.0/missing autoheader'
AUTOMAKE='${SHELL} /media/sf_project/mine/svn_linux/XR871-xr871-sdk-rev1.3.1/03_SDK/xr871sdk/src/speex-1.2.0/missing automake-1.15'
AWK='mawk'
BUILD_BINARIES_FALSE=''
BUILD_BINARIES_TRUE=''
BUILD_KISS_FFT_FALSE=''
BUILD_KISS_FFT_TRUE=''
BUILD_SMALLFT_FALSE=''
BUILD_SMALLFT_TRUE=''
BUILD_VORBIS_PSY_FALSE=''
BUILD_VORBIS_PSY_TRUE=''
CC='arm-none-eabi-gcc'
CCDEPMODE=''
CFLAGS=''
CPP=''
CPPFLAGS=''
CYGPATH_W='echo'
DEFS=''
DEPDIR='.deps'
DLLTOOL='dlltool'
DSYMUTIL=''
DUMPBIN=''
ECHO_C=''
ECHO_N='-n'
ECHO_T=''
EGREP=''
EXEEXT=''
FFT_CFLAGS=''
FFT_LIBS=''
FFT_PKGCONFIG=''
FGREP=''
GREP=''
INCLUDE_STDINT=''
INSTALL_DATA='${INSTALL} -m 644'
INSTALL_PROGRAM='${INSTALL}'
INSTALL_SCRIPT='${INSTALL}'
INSTALL_STRIP_PROGRAM='$(install_sh) -c -s'
LD=''
LDFLAGS=''
LIBM=''
LIBOBJS=''
LIBS=''
LIBTOOL=''
LIPO=''
LN_S=''
LTLIBOBJS=''
LT_SYS_LIBRARY_PATH=''
MAINT=''
MAINTAINER_MODE_FALSE='#'
MAINTAINER_MODE_TRUE=''
MAKEINFO='${SHELL} /media/sf_project/mine/svn_linux/XR871-xr871-sdk-rev1.3.1/03_SDK/xr871sdk/src/speex-1.2.0/missing makeinfo'
MANIFEST_TOOL=''
MKDIR_P='/bin/mkdir -p'
NM=''
NMEDIT=''
OBJDUMP='objdump'
OBJEXT=''
OGG_CFLAGS=''
OGG_LIBS=''
OTOOL64=''
OTOOL=''
PACKAGE='speex'
PACKAGE_BUGREPORT='speex-dev@xiph.org'
PACKAGE_NAME='speex'
PACKAGE_STRING='speex 1.2.0'
PACKAGE_TARNAME='speex'
PACKAGE_URL=''
PACKAGE_VERSION='1.2.0'
PATH_SEPARATOR=':'
PKG_CONFIG=''
PKG_CONFIG_LIBDIR=''
PKG_CONFIG_PATH=''
RANLIB=''
SED=''
SET_MAKE=''
SHELL='/bin/bash'
SIZE16=''
SIZE32=''
SPEEXDSP_CFLAGS=''
SPEEXDSP_LIBS=''
SPEEX_LT_AGE='5'
SPEEX_LT_CURRENT='6'
SPEEX_LT_REVISION='1'
SPEEX_VERSION=''
STRIP='strip'
USIZE16=''
USIZE32=''
VERSION='1.2.0'
WINMM_LIBS=''
ac_ct_AR=''
ac_ct_CC=''
ac_ct_DUMPBIN=''
am__EXEEXT_FALSE=''
am__EXEEXT_TRUE=''
am__fastdepCC_FALSE=''
am__fastdepCC_TRUE=''
am__include='include'
am__isrc=''
am__leading_dot='.'
am__nodep='_no'
am__quote=''
am__tar='$${TAR-tar} chof - "$$tardir"'
am__untar='$${TAR-tar} xf -'
bindir='${exec_prefix}/bin'
build='x86_64-pc-linux-gnu'
build_alias=''
build_cpu='x86_64'
build_os='linux-gnu'
build_vendor='pc'
datadir='${datarootdir}'
datarootdir='${prefix}/share'
docdir='${datarootdir}/doc/${PACKAGE_TARNAME}'
dvidir='${docdir}'
exec_prefix='NONE'
host='arm-unknown-linux-gnu'
host_alias='arm-linux'
host_cpu='arm'
host_os='linux-gnu'
host_vendor='unknown'
htmldir='${docdir}'
includedir='${prefix}/include'
infodir='${datarootdir}/info'
install_sh='${SHELL} /media/sf_project/mine/svn_linux/XR871-xr871-sdk-rev1.3.1/03_SDK/xr871sdk/src/speex-1.2.0/install-sh'
libdir='${exec_prefix}/lib'
libexecdir='${exec_prefix}/libexec'
localedir='${datarootdir}/locale'
localstatedir='${prefix}/var'
mandir='${datarootdir}/man'
mkdir_p='$(MKDIR_P)'
oldincludedir='/usr/include'
pdfdir='${docdir}'
prefix='/media/sf_project/mine/svn_linux/XR871-xr871-sdk-rev1.3.1/03_SDK/xr871sdk/src/libsave'
program_transform_name='s,x,x,'
psdir='${docdir}'
runstatedir='${localstatedir}/run'
sbindir='${exec_prefix}/sbin'
sharedstatedir='${prefix}/com'
sysconfdir='${prefix}/etc'
target_alias=''

## ----------- ##
## confdefs.h. ##
## ----------- ##

/* confdefs.h */
#define PACKAGE_NAME "speex"
#define PACKAGE_TARNAME "speex"
#define PACKAGE_VERSION "1.2.0"
#define PACKAGE_STRING "speex 1.2.0"
#define PACKAGE_BUGREPORT "speex-dev@xiph.org"
#define PACKAGE_URL ""

configure: exit 1
